<?xml version="1.0" encoding="UTF-8"?>
<testsuite name="com.library_service.library_service.controller.LibraryRestControllerTest" tests="4" skipped="0" failures="0" errors="0" timestamp="2026-04-03T08:28:34.355Z" hostname="DESKTOP-U35L4HD" time="1.829">
  <properties/>
  <testcase name="getAccount_Returns404_WhenAccountNotFound()" classname="com.library_service.library_service.controller.LibraryRestControllerTest" time="1.718"/>
  <testcase name="createAccount_Returns200_WhenAccountCreatedSuccessfully()" classname="com.library_service.library_service.controller.LibraryRestControllerTest" time="0.048"/>
  <testcase name="createAccount_Returns400_WhenAccountAlreadyExists()" classname="com.library_service.library_service.controller.LibraryRestControllerTest" time="0.009"/>
  <testcase name="getAccount_Returns200_WhenAccountFound()" classname="com.library_service.library_service.controller.LibraryRestControllerTest" time="0.007"/>
  <system-out><![CDATA[]]></system-out>
  <system-err><![CDATA[]]></system-err>
</testsuite>
